  [1m[36m (1.8ms)[0m  [1mCREATE TABLE "schema_migrations" ("version" varchar NOT NULL) [0m
  [1m[35m (0.1ms)[0m  select sqlite_version(*)
  [1m[36m (0.6ms)[0m  [1mCREATE UNIQUE INDEX "unique_schema_migrations" ON "schema_migrations" ("version")[0m
  [1m[35mActiveRecord::SchemaMigration Load (0.1ms)[0m  SELECT "schema_migrations".* FROM "schema_migrations"
Migrating to CreateTasks (20160928210407)
  [1m[36m (0.0ms)[0m  [1mbegin transaction[0m
  [1m[35m (0.3ms)[0m  CREATE TABLE "tasks" ("id" INTEGER PRIMARY KEY AUTOINCREMENT NOT NULL, "title" varchar, "description" varchar, "completed_at" datetime, "created_at" datetime NOT NULL, "updated_at" datetime NOT NULL) 
  [1m[36mSQL (0.1ms)[0m  [1mINSERT INTO "schema_migrations" ("version") VALUES (?)[0m  [["version", "20160928210407"]]
  [1m[35m (0.5ms)[0m  commit transaction
  [1m[36mActiveRecord::SchemaMigration Load (0.1ms)[0m  [1mSELECT "schema_migrations".* FROM "schema_migrations"[0m
  [1m[36m (0.2ms)[0m  [1mbegin transaction[0m
  [1m[35mSQL (1.1ms)[0m  INSERT INTO "tasks" ("title", "description", "created_at", "updated_at") VALUES (?, ?, ?, ?)  [["title", "Feed the cat"], ["description", "Give the cat 1/2 cup of dry food and mix in 2 tbsp. of moist food"], ["created_at", "2016-09-28 21:07:42.689624"], ["updated_at", "2016-09-28 21:07:42.689624"]]
  [1m[36m (1.6ms)[0m  [1mcommit transaction[0m
  [1m[35m (0.1ms)[0m  begin transaction
  [1m[36mSQL (0.3ms)[0m  [1mINSERT INTO "tasks" ("title", "description", "created_at", "updated_at") VALUES (?, ?, ?, ?)[0m  [["title", "Wash the car"], ["description", "Take the car to Lozano Car Wash and clean inside & out"], ["created_at", "2016-09-28 21:08:37.479330"], ["updated_at", "2016-09-28 21:08:37.479330"]]
  [1m[35m (1.4ms)[0m  commit transaction
  [1m[36m (0.1ms)[0m  [1mbegin transaction[0m
  [1m[35mSQL (1.3ms)[0m  INSERT INTO "tasks" ("title", "description", "created_at", "updated_at") VALUES (?, ?, ?, ?)  [["title", "Bake brownies for school"], ["description", "Bake double batch of brownies from Mark Bittman's 'How to Cook Everything'"], ["created_at", "2016-09-28 21:09:35.688286"], ["updated_at", "2016-09-28 21:09:35.688286"]]
  [1m[36m (2.2ms)[0m  [1mcommit transaction[0m
  [1m[35mTask Load (0.2ms)[0m  SELECT "tasks".* FROM "tasks"


Started GET "/" for ::1 at 2016-09-28 14:19:15 -0700
  [1m[36mActiveRecord::SchemaMigration Load (0.1ms)[0m  [1mSELECT "schema_migrations".* FROM "schema_migrations"[0m
Processing by TasksController#index as HTML
  Rendered tasks/index.html.erb within layouts/application (0.7ms)
Completed 200 OK in 579ms (Views: 572.3ms | ActiveRecord: 0.0ms)


Started GET "/assets/tasks.self-877aef30ae1b040ab8a3aba4e3e309a11d7f2612f44dde450b5c157aa5f95c05.js?body=1" for ::1 at 2016-09-28 14:19:16 -0700


Started GET "/assets/tasks.self-e3b0c44298fc1c149afbf4c8996fb92427ae41e4649b934ca495991b7852b855.css?body=1" for ::1 at 2016-09-28 14:19:16 -0700


Started GET "/" for ::1 at 2016-09-28 14:23:33 -0700
Processing by TasksController#index as HTML
  [1m[35mTask Load (0.2ms)[0m  SELECT "tasks".* FROM "tasks"
  Rendered tasks/index.html.erb within layouts/application (13.6ms)
Completed 500 Internal Server Error in 20ms (ActiveRecord: 0.4ms)

ActionView::Template::Error (undefined method `name' for #<Task:0x007fc1930809d8>):
    2: <p>Please click on a task name to see the details of the task.</p>
    3: <ul>
    4:   <% @tasks.each do |task| %>
    5:     <%= link_to(task.name, show_path(task.id)) %>
    6:   <% end %>
    7: </ul>
  app/views/tasks/index.html.erb:5:in `block in _app_views_tasks_index_html_erb__3850621898753828515_70234705156400'
  app/views/tasks/index.html.erb:4:in `_app_views_tasks_index_html_erb__3850621898753828515_70234705156400'


  Rendered /Users/emilyabrash/.rvm/gems/ruby-2.3.0@rails_gemset/gems/actionpack-4.2.7/lib/action_dispatch/middleware/templates/rescues/_source.erb (5.3ms)
  Rendered /Users/emilyabrash/.rvm/gems/ruby-2.3.0@rails_gemset/gems/actionpack-4.2.7/lib/action_dispatch/middleware/templates/rescues/_trace.html.erb (2.4ms)
  Rendered /Users/emilyabrash/.rvm/gems/ruby-2.3.0@rails_gemset/gems/actionpack-4.2.7/lib/action_dispatch/middleware/templates/rescues/_request_and_response.html.erb (0.8ms)
  Rendered /Users/emilyabrash/.rvm/gems/ruby-2.3.0@rails_gemset/gems/actionpack-4.2.7/lib/action_dispatch/middleware/templates/rescues/template_error.html.erb within rescues/layout (45.1ms)
  Rendered /Users/emilyabrash/.rvm/gems/ruby-2.3.0@rails_gemset/gems/web-console-2.3.0/lib/web_console/templates/_markup.html.erb (0.4ms)
  Rendered /Users/emilyabrash/.rvm/gems/ruby-2.3.0@rails_gemset/gems/web-console-2.3.0/lib/web_console/templates/_inner_console_markup.html.erb within layouts/inlined_string (0.3ms)
  Rendered /Users/emilyabrash/.rvm/gems/ruby-2.3.0@rails_gemset/gems/web-console-2.3.0/lib/web_console/templates/_prompt_box_markup.html.erb within layouts/inlined_string (0.3ms)
  Rendered /Users/emilyabrash/.rvm/gems/ruby-2.3.0@rails_gemset/gems/web-console-2.3.0/lib/web_console/templates/style.css.erb within layouts/inlined_string (0.4ms)
  Rendered /Users/emilyabrash/.rvm/gems/ruby-2.3.0@rails_gemset/gems/web-console-2.3.0/lib/web_console/templates/console.js.erb within layouts/javascript (39.6ms)
  Rendered /Users/emilyabrash/.rvm/gems/ruby-2.3.0@rails_gemset/gems/web-console-2.3.0/lib/web_console/templates/main.js.erb within layouts/javascript (0.3ms)
  Rendered /Users/emilyabrash/.rvm/gems/ruby-2.3.0@rails_gemset/gems/web-console-2.3.0/lib/web_console/templates/error_page.js.erb within layouts/javascript (0.7ms)
  Rendered /Users/emilyabrash/.rvm/gems/ruby-2.3.0@rails_gemset/gems/web-console-2.3.0/lib/web_console/templates/index.html.erb (84.9ms)


Started GET "/" for ::1 at 2016-09-28 14:23:49 -0700
Processing by TasksController#index as HTML
  [1m[36mTask Load (0.2ms)[0m  [1mSELECT "tasks".* FROM "tasks"[0m
  Rendered tasks/index.html.erb within layouts/application (2.1ms)
Completed 200 OK in 28ms (Views: 27.7ms | ActiveRecord: 0.2ms)


Started GET "/assets/tasks.self-e3b0c44298fc1c149afbf4c8996fb92427ae41e4649b934ca495991b7852b855.css?body=1" for ::1 at 2016-09-28 14:23:49 -0700


Started GET "/assets/jquery.self-bd7ddd393353a8d2480a622e80342adf488fb6006d667e8b42e4c0073393abee.js?body=1" for ::1 at 2016-09-28 14:23:49 -0700


Started GET "/assets/turbolinks.self-c5acd7a204f5f25ce7a1d8a0e4d92e28d34c9e2df2c7371cd7af88e147e4ad82.js?body=1" for ::1 at 2016-09-28 14:23:49 -0700


Started GET "/assets/jquery_ujs.self-784a997f6726036b1993eb2217c9cb558e1cbb801c6da88105588c56f13b466a.js?body=1" for ::1 at 2016-09-28 14:23:49 -0700


Started GET "/assets/tasks.self-877aef30ae1b040ab8a3aba4e3e309a11d7f2612f44dde450b5c157aa5f95c05.js?body=1" for ::1 at 2016-09-28 14:23:49 -0700


Started GET "/assets/application.self-e80e8f2318043e8af94dddc2adad5a4f09739a8ebb323b3ab31cd71d45fd9113.css?body=1" for ::1 at 2016-09-28 14:23:49 -0700


Started GET "/assets/application.self-3b8dabdc891efe46b9a144b400ad69e37d7e5876bdc39dee783419a69d7ca819.js?body=1" for ::1 at 2016-09-28 14:23:49 -0700


Started GET "/" for ::1 at 2016-09-28 14:24:13 -0700
Processing by TasksController#index as HTML
  [1m[35mTask Load (0.1ms)[0m  SELECT "tasks".* FROM "tasks"
  Rendered tasks/index.html.erb within layouts/application (2.0ms)
Completed 200 OK in 24ms (Views: 23.4ms | ActiveRecord: 0.1ms)


Started GET "/assets/tasks.self-e3b0c44298fc1c149afbf4c8996fb92427ae41e4649b934ca495991b7852b855.css?body=1" for ::1 at 2016-09-28 14:24:13 -0700


Started GET "/assets/application.self-e80e8f2318043e8af94dddc2adad5a4f09739a8ebb323b3ab31cd71d45fd9113.css?body=1" for ::1 at 2016-09-28 14:24:13 -0700


Started GET "/assets/turbolinks.self-c5acd7a204f5f25ce7a1d8a0e4d92e28d34c9e2df2c7371cd7af88e147e4ad82.js?body=1" for ::1 at 2016-09-28 14:24:13 -0700


Started GET "/assets/jquery_ujs.self-784a997f6726036b1993eb2217c9cb558e1cbb801c6da88105588c56f13b466a.js?body=1" for ::1 at 2016-09-28 14:24:13 -0700


Started GET "/assets/application.self-3b8dabdc891efe46b9a144b400ad69e37d7e5876bdc39dee783419a69d7ca819.js?body=1" for ::1 at 2016-09-28 14:24:13 -0700


Started GET "/assets/tasks.self-877aef30ae1b040ab8a3aba4e3e309a11d7f2612f44dde450b5c157aa5f95c05.js?body=1" for ::1 at 2016-09-28 14:24:13 -0700


Started GET "/assets/jquery.self-bd7ddd393353a8d2480a622e80342adf488fb6006d667e8b42e4c0073393abee.js?body=1" for ::1 at 2016-09-28 14:24:13 -0700


Started GET "/tasks/show/1" for ::1 at 2016-09-28 14:24:15 -0700
Processing by TasksController#show as HTML
  Parameters: {"id"=>"1"}
  Rendered tasks/show.html.erb within layouts/application (0.3ms)
Completed 200 OK in 24ms (Views: 22.8ms | ActiveRecord: 0.0ms)


Started GET "/tasks/show/2" for ::1 at 2016-09-28 14:24:18 -0700
Processing by TasksController#show as HTML
  Parameters: {"id"=>"2"}
  Rendered tasks/show.html.erb within layouts/application (0.0ms)
Completed 200 OK in 22ms (Views: 20.8ms | ActiveRecord: 0.0ms)


Started GET "/tasks/show/3" for ::1 at 2016-09-28 14:24:20 -0700
Processing by TasksController#show as HTML
  Parameters: {"id"=>"3"}
  Rendered tasks/show.html.erb within layouts/application (0.1ms)
Completed 200 OK in 17ms (Views: 16.4ms | ActiveRecord: 0.0ms)


Started GET "/" for ::1 at 2016-09-28 14:34:29 -0700
Processing by TasksController#index as HTML
  [1m[36mTask Load (0.3ms)[0m  [1mSELECT "tasks".* FROM "tasks"[0m
  Rendered tasks/index.html.erb within layouts/application (4.7ms)
Completed 200 OK in 18ms (Views: 16.4ms | ActiveRecord: 0.5ms)


Started GET "/tasks/show/1" for ::1 at 2016-09-28 14:34:31 -0700
Processing by TasksController#show as HTML
  Parameters: {"id"=>"1"}
  [1m[35mTask Load (0.2ms)[0m  SELECT  "tasks".* FROM "tasks" WHERE "tasks"."id" = ? LIMIT 1  [["id", 1]]
  Rendered tasks/show.html.erb within layouts/application (1.0ms)
Completed 200 OK in 29ms (Views: 18.1ms | ActiveRecord: 0.2ms)


Started GET "/tasks/show/2" for ::1 at 2016-09-28 14:34:35 -0700
Processing by TasksController#show as HTML
  Parameters: {"id"=>"2"}
  [1m[36mTask Load (0.1ms)[0m  [1mSELECT  "tasks".* FROM "tasks" WHERE "tasks"."id" = ? LIMIT 1[0m  [["id", 2]]
  Rendered tasks/show.html.erb within layouts/application (0.1ms)
Completed 200 OK in 21ms (Views: 19.2ms | ActiveRecord: 0.1ms)


Started GET "/tasks/show/3" for ::1 at 2016-09-28 14:34:38 -0700
Processing by TasksController#show as HTML
  Parameters: {"id"=>"3"}
  [1m[35mTask Load (0.1ms)[0m  SELECT  "tasks".* FROM "tasks" WHERE "tasks"."id" = ? LIMIT 1  [["id", 3]]
  Rendered tasks/show.html.erb within layouts/application (0.2ms)
Completed 200 OK in 23ms (Views: 21.2ms | ActiveRecord: 0.1ms)


Started GET "/" for ::1 at 2016-09-28 14:37:09 -0700
Processing by TasksController#index as HTML
  [1m[36mTask Load (0.1ms)[0m  [1mSELECT "tasks".* FROM "tasks"[0m
  Rendered tasks/index.html.erb within layouts/application (0.8ms)
Completed 200 OK in 16ms (Views: 15.1ms | ActiveRecord: 0.1ms)


Started GET "/assets/tasks.self-e3b0c44298fc1c149afbf4c8996fb92427ae41e4649b934ca495991b7852b855.css?body=1" for ::1 at 2016-09-28 14:37:09 -0700


Started GET "/assets/jquery_ujs.self-784a997f6726036b1993eb2217c9cb558e1cbb801c6da88105588c56f13b466a.js?body=1" for ::1 at 2016-09-28 14:37:09 -0700


Started GET "/assets/application.self-e80e8f2318043e8af94dddc2adad5a4f09739a8ebb323b3ab31cd71d45fd9113.css?body=1" for ::1 at 2016-09-28 14:37:09 -0700


Started GET "/assets/turbolinks.self-c5acd7a204f5f25ce7a1d8a0e4d92e28d34c9e2df2c7371cd7af88e147e4ad82.js?body=1" for ::1 at 2016-09-28 14:37:09 -0700


Started GET "/assets/jquery.self-bd7ddd393353a8d2480a622e80342adf488fb6006d667e8b42e4c0073393abee.js?body=1" for ::1 at 2016-09-28 14:37:09 -0700


Started GET "/assets/tasks.self-877aef30ae1b040ab8a3aba4e3e309a11d7f2612f44dde450b5c157aa5f95c05.js?body=1" for ::1 at 2016-09-28 14:37:09 -0700


Started GET "/assets/application.self-3b8dabdc891efe46b9a144b400ad69e37d7e5876bdc39dee783419a69d7ca819.js?body=1" for ::1 at 2016-09-28 14:37:09 -0700


Started GET "/tasks/index" for ::1 at 2016-09-28 14:37:11 -0700
Processing by TasksController#index as HTML
  [1m[35mTask Load (0.2ms)[0m  SELECT "tasks".* FROM "tasks"
  Rendered tasks/index.html.erb within layouts/application (1.0ms)
Completed 200 OK in 22ms (Views: 21.3ms | ActiveRecord: 0.2ms)


Started GET "/tasks/show/1" for ::1 at 2016-09-28 14:37:14 -0700
Processing by TasksController#show as HTML
  Parameters: {"id"=>"1"}
  [1m[36mTask Load (0.2ms)[0m  [1mSELECT  "tasks".* FROM "tasks" WHERE "tasks"."id" = ? LIMIT 1[0m  [["id", 1]]
  Rendered tasks/show.html.erb within layouts/application (29.6ms)
Completed 500 Internal Server Error in 36ms (ActiveRecord: 0.2ms)

ActionView::Template::Error (undefined local variable or method `task' for #<#<Class:0x007fc1989ef320>:0x007fc19707cde8>
Did you mean?  @task):
    18:   <% end %>
    19: </p>
    20: 
    21: <nav><%= link_to("My task list", show_path(task.id)) %></nav>
  app/views/tasks/show.html.erb:21:in `_app_views_tasks_show_html_erb___3591346368917212832_70234719627360'


  Rendered /Users/emilyabrash/.rvm/gems/ruby-2.3.0@rails_gemset/gems/actionpack-4.2.7/lib/action_dispatch/middleware/templates/rescues/_source.erb (4.2ms)
  Rendered /Users/emilyabrash/.rvm/gems/ruby-2.3.0@rails_gemset/gems/actionpack-4.2.7/lib/action_dispatch/middleware/templates/rescues/_trace.html.erb (1.8ms)
  Rendered /Users/emilyabrash/.rvm/gems/ruby-2.3.0@rails_gemset/gems/actionpack-4.2.7/lib/action_dispatch/middleware/templates/rescues/_request_and_response.html.erb (0.8ms)
  Rendered /Users/emilyabrash/.rvm/gems/ruby-2.3.0@rails_gemset/gems/actionpack-4.2.7/lib/action_dispatch/middleware/templates/rescues/template_error.html.erb within rescues/layout (41.8ms)
  Rendered /Users/emilyabrash/.rvm/gems/ruby-2.3.0@rails_gemset/gems/web-console-2.3.0/lib/web_console/templates/_markup.html.erb (0.3ms)
  Rendered /Users/emilyabrash/.rvm/gems/ruby-2.3.0@rails_gemset/gems/web-console-2.3.0/lib/web_console/templates/_inner_console_markup.html.erb within layouts/inlined_string (0.3ms)
  Rendered /Users/emilyabrash/.rvm/gems/ruby-2.3.0@rails_gemset/gems/web-console-2.3.0/lib/web_console/templates/_prompt_box_markup.html.erb within layouts/inlined_string (0.2ms)
  Rendered /Users/emilyabrash/.rvm/gems/ruby-2.3.0@rails_gemset/gems/web-console-2.3.0/lib/web_console/templates/style.css.erb within layouts/inlined_string (0.3ms)
  Rendered /Users/emilyabrash/.rvm/gems/ruby-2.3.0@rails_gemset/gems/web-console-2.3.0/lib/web_console/templates/console.js.erb within layouts/javascript (36.5ms)
  Rendered /Users/emilyabrash/.rvm/gems/ruby-2.3.0@rails_gemset/gems/web-console-2.3.0/lib/web_console/templates/main.js.erb within layouts/javascript (0.3ms)
  Rendered /Users/emilyabrash/.rvm/gems/ruby-2.3.0@rails_gemset/gems/web-console-2.3.0/lib/web_console/templates/error_page.js.erb within layouts/javascript (0.4ms)
  Rendered /Users/emilyabrash/.rvm/gems/ruby-2.3.0@rails_gemset/gems/web-console-2.3.0/lib/web_console/templates/index.html.erb (81.3ms)


Started GET "/tasks/show/1" for ::1 at 2016-09-28 14:37:18 -0700
Processing by TasksController#show as HTML
  Parameters: {"id"=>"1"}
  [1m[35mTask Load (0.1ms)[0m  SELECT  "tasks".* FROM "tasks" WHERE "tasks"."id" = ? LIMIT 1  [["id", 1]]
  Rendered tasks/show.html.erb within layouts/application (39.3ms)
Completed 500 Internal Server Error in 42ms (ActiveRecord: 0.1ms)

ActionView::Template::Error (undefined local variable or method `task' for #<#<Class:0x007fc1989ef320>:0x007fc1974a52d0>
Did you mean?  @task):
    18:   <% end %>
    19: </p>
    20: 
    21: <nav><%= link_to("My task list", show_path(task.id)) %></nav>
  app/views/tasks/show.html.erb:21:in `_app_views_tasks_show_html_erb___3591346368917212832_70234719627360'


  Rendered /Users/emilyabrash/.rvm/gems/ruby-2.3.0@rails_gemset/gems/actionpack-4.2.7/lib/action_dispatch/middleware/templates/rescues/_source.erb (4.4ms)
  Rendered /Users/emilyabrash/.rvm/gems/ruby-2.3.0@rails_gemset/gems/actionpack-4.2.7/lib/action_dispatch/middleware/templates/rescues/_trace.html.erb (2.0ms)
  Rendered /Users/emilyabrash/.rvm/gems/ruby-2.3.0@rails_gemset/gems/actionpack-4.2.7/lib/action_dispatch/middleware/templates/rescues/_request_and_response.html.erb (0.8ms)
  Rendered /Users/emilyabrash/.rvm/gems/ruby-2.3.0@rails_gemset/gems/actionpack-4.2.7/lib/action_dispatch/middleware/templates/rescues/template_error.html.erb within rescues/layout (43.0ms)
  Rendered /Users/emilyabrash/.rvm/gems/ruby-2.3.0@rails_gemset/gems/web-console-2.3.0/lib/web_console/templates/_markup.html.erb (0.4ms)
  Rendered /Users/emilyabrash/.rvm/gems/ruby-2.3.0@rails_gemset/gems/web-console-2.3.0/lib/web_console/templates/_inner_console_markup.html.erb within layouts/inlined_string (0.2ms)
  Rendered /Users/emilyabrash/.rvm/gems/ruby-2.3.0@rails_gemset/gems/web-console-2.3.0/lib/web_console/templates/_prompt_box_markup.html.erb within layouts/inlined_string (0.2ms)
  Rendered /Users/emilyabrash/.rvm/gems/ruby-2.3.0@rails_gemset/gems/web-console-2.3.0/lib/web_console/templates/style.css.erb within layouts/inlined_string (0.3ms)
  Rendered /Users/emilyabrash/.rvm/gems/ruby-2.3.0@rails_gemset/gems/web-console-2.3.0/lib/web_console/templates/console.js.erb within layouts/javascript (34.5ms)
  Rendered /Users/emilyabrash/.rvm/gems/ruby-2.3.0@rails_gemset/gems/web-console-2.3.0/lib/web_console/templates/main.js.erb within layouts/javascript (0.2ms)
  Rendered /Users/emilyabrash/.rvm/gems/ruby-2.3.0@rails_gemset/gems/web-console-2.3.0/lib/web_console/templates/error_page.js.erb within layouts/javascript (0.3ms)
  Rendered /Users/emilyabrash/.rvm/gems/ruby-2.3.0@rails_gemset/gems/web-console-2.3.0/lib/web_console/templates/index.html.erb (77.3ms)


Started GET "/tasks/show/1" for ::1 at 2016-09-28 14:37:36 -0700
Processing by TasksController#show as HTML
  Parameters: {"id"=>"1"}
  [1m[36mTask Load (0.1ms)[0m  [1mSELECT  "tasks".* FROM "tasks" WHERE "tasks"."id" = ? LIMIT 1[0m  [["id", 1]]
  Rendered tasks/show.html.erb within layouts/application (1.0ms)
Completed 200 OK in 15ms (Views: 14.1ms | ActiveRecord: 0.1ms)


Started GET "/assets/tasks.self-e3b0c44298fc1c149afbf4c8996fb92427ae41e4649b934ca495991b7852b855.css?body=1" for ::1 at 2016-09-28 14:37:36 -0700


Started GET "/assets/jquery.self-bd7ddd393353a8d2480a622e80342adf488fb6006d667e8b42e4c0073393abee.js?body=1" for ::1 at 2016-09-28 14:37:36 -0700


Started GET "/assets/application.self-e80e8f2318043e8af94dddc2adad5a4f09739a8ebb323b3ab31cd71d45fd9113.css?body=1" for ::1 at 2016-09-28 14:37:36 -0700


Started GET "/assets/jquery_ujs.self-784a997f6726036b1993eb2217c9cb558e1cbb801c6da88105588c56f13b466a.js?body=1" for ::1 at 2016-09-28 14:37:36 -0700


Started GET "/assets/tasks.self-877aef30ae1b040ab8a3aba4e3e309a11d7f2612f44dde450b5c157aa5f95c05.js?body=1" for ::1 at 2016-09-28 14:37:36 -0700


Started GET "/assets/turbolinks.self-c5acd7a204f5f25ce7a1d8a0e4d92e28d34c9e2df2c7371cd7af88e147e4ad82.js?body=1" for ::1 at 2016-09-28 14:37:36 -0700


Started GET "/assets/application.self-3b8dabdc891efe46b9a144b400ad69e37d7e5876bdc39dee783419a69d7ca819.js?body=1" for ::1 at 2016-09-28 14:37:36 -0700


Started GET "/tasks/index" for ::1 at 2016-09-28 14:37:38 -0700
Processing by TasksController#index as HTML
  [1m[35mTask Load (0.2ms)[0m  SELECT "tasks".* FROM "tasks"
  Rendered tasks/index.html.erb within layouts/application (1.2ms)
Completed 200 OK in 24ms (Views: 22.9ms | ActiveRecord: 0.2ms)


Started GET "/tasks/index" for ::1 at 2016-09-28 14:37:39 -0700
Processing by TasksController#index as HTML
  [1m[36mTask Load (0.1ms)[0m  [1mSELECT "tasks".* FROM "tasks"[0m
  Rendered tasks/index.html.erb within layouts/application (1.0ms)
Completed 200 OK in 22ms (Views: 21.3ms | ActiveRecord: 0.1ms)


Started GET "/tasks/show/1" for ::1 at 2016-09-28 14:37:41 -0700
Processing by TasksController#show as HTML
  Parameters: {"id"=>"1"}
  [1m[35mTask Load (0.1ms)[0m  SELECT  "tasks".* FROM "tasks" WHERE "tasks"."id" = ? LIMIT 1  [["id", 1]]
  Rendered tasks/show.html.erb within layouts/application (0.1ms)
Completed 200 OK in 22ms (Views: 20.2ms | ActiveRecord: 0.1ms)


Started GET "/tasks/index" for ::1 at 2016-09-28 14:37:43 -0700
Processing by TasksController#index as HTML
  [1m[36mTask Load (0.2ms)[0m  [1mSELECT "tasks".* FROM "tasks"[0m
  Rendered tasks/index.html.erb within layouts/application (1.4ms)
Completed 200 OK in 24ms (Views: 23.3ms | ActiveRecord: 0.2ms)


Started GET "/tasks/index" for ::1 at 2016-09-28 14:45:52 -0700
Processing by TasksController#index as HTML
  [1m[35mTask Load (0.2ms)[0m  SELECT "tasks".* FROM "tasks"
  Rendered tasks/index.html.erb within layouts/application (3.4ms)
Completed 200 OK in 18ms (Views: 16.5ms | ActiveRecord: 0.4ms)


Started GET "/assets/tasks.self-e3b0c44298fc1c149afbf4c8996fb92427ae41e4649b934ca495991b7852b855.css?body=1" for ::1 at 2016-09-28 14:45:52 -0700


Started GET "/assets/application.self-e80e8f2318043e8af94dddc2adad5a4f09739a8ebb323b3ab31cd71d45fd9113.css?body=1" for ::1 at 2016-09-28 14:45:52 -0700


Started GET "/assets/jquery_ujs.self-784a997f6726036b1993eb2217c9cb558e1cbb801c6da88105588c56f13b466a.js?body=1" for ::1 at 2016-09-28 14:45:52 -0700


Started GET "/assets/jquery.self-bd7ddd393353a8d2480a622e80342adf488fb6006d667e8b42e4c0073393abee.js?body=1" for ::1 at 2016-09-28 14:45:52 -0700


Started GET "/assets/tasks.self-877aef30ae1b040ab8a3aba4e3e309a11d7f2612f44dde450b5c157aa5f95c05.js?body=1" for ::1 at 2016-09-28 14:45:52 -0700


Started GET "/assets/turbolinks.self-c5acd7a204f5f25ce7a1d8a0e4d92e28d34c9e2df2c7371cd7af88e147e4ad82.js?body=1" for ::1 at 2016-09-28 14:45:52 -0700


Started GET "/assets/application.self-3b8dabdc891efe46b9a144b400ad69e37d7e5876bdc39dee783419a69d7ca819.js?body=1" for ::1 at 2016-09-28 14:45:52 -0700


Started GET "/tasks/new" for ::1 at 2016-09-28 14:45:56 -0700
Processing by TasksController#new as HTML
  Rendered tasks/new.html.erb within layouts/application (0.4ms)
Completed 200 OK in 13ms (Views: 12.4ms | ActiveRecord: 0.0ms)


Started POST "/tasks/create" for ::1 at 2016-09-28 14:46:12 -0700
Processing by TasksController#create as HTML
  Parameters: {"title"=>"Do the laundry", "description"=>"Wash the laundry on delicate cold cycle. Line dry.  ", "authenticity_token"=>"f8C0dQihq4uKakU54GOLL3bVdoaw+j83HVjlWTvsbXRf/Z2grjpgo6MIHwT2I9mwnzFKOfqDxy4OQcq2JLTSmw=="}
  [1m[36m (0.1ms)[0m  [1mbegin transaction[0m
  [1m[35mSQL (0.5ms)[0m  INSERT INTO "tasks" ("title", "description", "created_at", "updated_at") VALUES (?, ?, ?, ?)  [["title", "Do the laundry"], ["description", "Wash the laundry on delicate cold cycle. Line dry.  "], ["created_at", "2016-09-28 21:46:12.941832"], ["updated_at", "2016-09-28 21:46:12.941832"]]
  [1m[36m (0.6ms)[0m  [1mcommit transaction[0m
  Rendered tasks/create.html.erb within layouts/application (7.5ms)
Completed 200 OK in 26ms (Views: 19.8ms | ActiveRecord: 1.2ms)


Started GET "/tasks/index" for ::1 at 2016-09-28 14:46:22 -0700
Processing by TasksController#index as HTML
  [1m[35mTask Load (0.2ms)[0m  SELECT "tasks".* FROM "tasks"
  Rendered tasks/index.html.erb within layouts/application (1.2ms)
Completed 200 OK in 23ms (Views: 20.9ms | ActiveRecord: 0.2ms)


Started GET "/tasks/show/4" for ::1 at 2016-09-28 14:46:24 -0700
Processing by TasksController#show as HTML
  Parameters: {"id"=>"4"}
  [1m[36mTask Load (0.5ms)[0m  [1mSELECT  "tasks".* FROM "tasks" WHERE "tasks"."id" = ? LIMIT 1[0m  [["id", 4]]
  Rendered tasks/show.html.erb within layouts/application (0.1ms)
Completed 200 OK in 24ms (Views: 21.5ms | ActiveRecord: 0.5ms)


Started GET "/tasks/index" for ::1 at 2016-09-28 14:46:27 -0700
Processing by TasksController#index as HTML
  [1m[35mTask Load (0.2ms)[0m  SELECT "tasks".* FROM "tasks"
  Rendered tasks/index.html.erb within layouts/application (1.2ms)
Completed 200 OK in 24ms (Views: 22.7ms | ActiveRecord: 0.2ms)


Started GET "/tasks/index" for ::1 at 2016-09-28 14:46:50 -0700
Processing by TasksController#index as HTML
  [1m[36mTask Load (0.1ms)[0m  [1mSELECT "tasks".* FROM "tasks"[0m
  Rendered tasks/index.html.erb within layouts/application (0.7ms)
Completed 200 OK in 12ms (Views: 11.8ms | ActiveRecord: 0.1ms)


Started GET "/assets/tasks.self-e3b0c44298fc1c149afbf4c8996fb92427ae41e4649b934ca495991b7852b855.css?body=1" for ::1 at 2016-09-28 14:46:50 -0700


Started GET "/assets/application.self-e80e8f2318043e8af94dddc2adad5a4f09739a8ebb323b3ab31cd71d45fd9113.css?body=1" for ::1 at 2016-09-28 14:46:50 -0700


Started GET "/assets/turbolinks.self-c5acd7a204f5f25ce7a1d8a0e4d92e28d34c9e2df2c7371cd7af88e147e4ad82.js?body=1" for ::1 at 2016-09-28 14:46:50 -0700


Started GET "/assets/tasks.self-877aef30ae1b040ab8a3aba4e3e309a11d7f2612f44dde450b5c157aa5f95c05.js?body=1" for ::1 at 2016-09-28 14:46:50 -0700


Started GET "/assets/jquery.self-bd7ddd393353a8d2480a622e80342adf488fb6006d667e8b42e4c0073393abee.js?body=1" for ::1 at 2016-09-28 14:46:50 -0700


Started GET "/assets/jquery_ujs.self-784a997f6726036b1993eb2217c9cb558e1cbb801c6da88105588c56f13b466a.js?body=1" for ::1 at 2016-09-28 14:46:50 -0700


Started GET "/assets/application.self-3b8dabdc891efe46b9a144b400ad69e37d7e5876bdc39dee783419a69d7ca819.js?body=1" for ::1 at 2016-09-28 14:46:50 -0700


Started GET "/tasks/index" for ::1 at 2016-09-28 14:48:13 -0700
Processing by TasksController#index as HTML
  [1m[35mTask Load (0.1ms)[0m  SELECT "tasks".* FROM "tasks"
  Rendered tasks/index.html.erb within layouts/application (0.7ms)
Completed 200 OK in 16ms (Views: 15.1ms | ActiveRecord: 0.1ms)


Started GET "/assets/tasks.self-e3b0c44298fc1c149afbf4c8996fb92427ae41e4649b934ca495991b7852b855.css?body=1" for ::1 at 2016-09-28 14:48:13 -0700


Started GET "/assets/application.self-e80e8f2318043e8af94dddc2adad5a4f09739a8ebb323b3ab31cd71d45fd9113.css?body=1" for ::1 at 2016-09-28 14:48:13 -0700


Started GET "/assets/turbolinks.self-c5acd7a204f5f25ce7a1d8a0e4d92e28d34c9e2df2c7371cd7af88e147e4ad82.js?body=1" for ::1 at 2016-09-28 14:48:13 -0700


Started GET "/assets/jquery_ujs.self-784a997f6726036b1993eb2217c9cb558e1cbb801c6da88105588c56f13b466a.js?body=1" for ::1 at 2016-09-28 14:48:13 -0700


Started GET "/assets/jquery.self-bd7ddd393353a8d2480a622e80342adf488fb6006d667e8b42e4c0073393abee.js?body=1" for ::1 at 2016-09-28 14:48:13 -0700


Started GET "/assets/tasks.self-877aef30ae1b040ab8a3aba4e3e309a11d7f2612f44dde450b5c157aa5f95c05.js?body=1" for ::1 at 2016-09-28 14:48:13 -0700


Started GET "/assets/application.self-3b8dabdc891efe46b9a144b400ad69e37d7e5876bdc39dee783419a69d7ca819.js?body=1" for ::1 at 2016-09-28 14:48:13 -0700


Started GET "/tasks/index" for ::1 at 2016-09-28 14:49:32 -0700
Processing by TasksController#index as HTML
  [1m[36mTask Load (0.2ms)[0m  [1mSELECT "tasks".* FROM "tasks"[0m
  Rendered tasks/index.html.erb within layouts/application (1.1ms)
Completed 200 OK in 71ms (Views: 70.0ms | ActiveRecord: 0.2ms)


Started GET "/assets/style.self-f00ccbede453d02ee4e0a6e1e4b68e03fa6da7b2242ff3883cae0728ea77439a.css?body=1" for ::1 at 2016-09-28 14:49:32 -0700


Started GET "/assets/application.self-e80e8f2318043e8af94dddc2adad5a4f09739a8ebb323b3ab31cd71d45fd9113.css?body=1" for ::1 at 2016-09-28 14:49:32 -0700


Started GET "/assets/tasks.self-e3b0c44298fc1c149afbf4c8996fb92427ae41e4649b934ca495991b7852b855.css?body=1" for ::1 at 2016-09-28 14:49:32 -0700


Started GET "/assets/jquery_ujs.self-784a997f6726036b1993eb2217c9cb558e1cbb801c6da88105588c56f13b466a.js?body=1" for ::1 at 2016-09-28 14:49:32 -0700


Started GET "/assets/jquery.self-bd7ddd393353a8d2480a622e80342adf488fb6006d667e8b42e4c0073393abee.js?body=1" for ::1 at 2016-09-28 14:49:32 -0700


Started GET "/assets/turbolinks.self-c5acd7a204f5f25ce7a1d8a0e4d92e28d34c9e2df2c7371cd7af88e147e4ad82.js?body=1" for ::1 at 2016-09-28 14:49:32 -0700


Started GET "/assets/tasks.self-877aef30ae1b040ab8a3aba4e3e309a11d7f2612f44dde450b5c157aa5f95c05.js?body=1" for ::1 at 2016-09-28 14:49:32 -0700


Started GET "/assets/application.self-3b8dabdc891efe46b9a144b400ad69e37d7e5876bdc39dee783419a69d7ca819.js?body=1" for ::1 at 2016-09-28 14:49:32 -0700


Started GET "/tasks/index" for ::1 at 2016-09-28 14:49:41 -0700
Processing by TasksController#index as HTML
  [1m[35mTask Load (0.1ms)[0m  SELECT "tasks".* FROM "tasks"
  Rendered tasks/index.html.erb within layouts/application (0.8ms)
Completed 200 OK in 31ms (Views: 30.3ms | ActiveRecord: 0.1ms)


Started GET "/assets/style.self-70e7b1fc8fb4f6a6b17e01bd3faddc9558f47b7442afb8e522a5d9c09404daa6.css?body=1" for ::1 at 2016-09-28 14:49:41 -0700


Started GET "/assets/tasks.self-e3b0c44298fc1c149afbf4c8996fb92427ae41e4649b934ca495991b7852b855.css?body=1" for ::1 at 2016-09-28 14:49:41 -0700


Started GET "/assets/application.self-e80e8f2318043e8af94dddc2adad5a4f09739a8ebb323b3ab31cd71d45fd9113.css?body=1" for ::1 at 2016-09-28 14:49:41 -0700


Started GET "/assets/jquery.self-bd7ddd393353a8d2480a622e80342adf488fb6006d667e8b42e4c0073393abee.js?body=1" for ::1 at 2016-09-28 14:49:41 -0700


Started GET "/assets/turbolinks.self-c5acd7a204f5f25ce7a1d8a0e4d92e28d34c9e2df2c7371cd7af88e147e4ad82.js?body=1" for ::1 at 2016-09-28 14:49:41 -0700


Started GET "/assets/tasks.self-877aef30ae1b040ab8a3aba4e3e309a11d7f2612f44dde450b5c157aa5f95c05.js?body=1" for ::1 at 2016-09-28 14:49:41 -0700


Started GET "/assets/jquery_ujs.self-784a997f6726036b1993eb2217c9cb558e1cbb801c6da88105588c56f13b466a.js?body=1" for ::1 at 2016-09-28 14:49:41 -0700


Started GET "/assets/application.self-3b8dabdc891efe46b9a144b400ad69e37d7e5876bdc39dee783419a69d7ca819.js?body=1" for ::1 at 2016-09-28 14:49:41 -0700


Started GET "/tasks/index" for ::1 at 2016-09-28 14:49:43 -0700
Processing by TasksController#index as HTML
  [1m[36mTask Load (0.1ms)[0m  [1mSELECT "tasks".* FROM "tasks"[0m
  Rendered tasks/index.html.erb within layouts/application (0.7ms)
Completed 200 OK in 14ms (Views: 13.4ms | ActiveRecord: 0.1ms)


Started GET "/assets/style.self-70e7b1fc8fb4f6a6b17e01bd3faddc9558f47b7442afb8e522a5d9c09404daa6.css?body=1" for ::1 at 2016-09-28 14:49:43 -0700


Started GET "/assets/tasks.self-e3b0c44298fc1c149afbf4c8996fb92427ae41e4649b934ca495991b7852b855.css?body=1" for ::1 at 2016-09-28 14:49:43 -0700


Started GET "/assets/jquery_ujs.self-784a997f6726036b1993eb2217c9cb558e1cbb801c6da88105588c56f13b466a.js?body=1" for ::1 at 2016-09-28 14:49:43 -0700


Started GET "/assets/application.self-e80e8f2318043e8af94dddc2adad5a4f09739a8ebb323b3ab31cd71d45fd9113.css?body=1" for ::1 at 2016-09-28 14:49:43 -0700


Started GET "/assets/jquery.self-bd7ddd393353a8d2480a622e80342adf488fb6006d667e8b42e4c0073393abee.js?body=1" for ::1 at 2016-09-28 14:49:43 -0700


Started GET "/assets/turbolinks.self-c5acd7a204f5f25ce7a1d8a0e4d92e28d34c9e2df2c7371cd7af88e147e4ad82.js?body=1" for ::1 at 2016-09-28 14:49:43 -0700


Started GET "/assets/tasks.self-877aef30ae1b040ab8a3aba4e3e309a11d7f2612f44dde450b5c157aa5f95c05.js?body=1" for ::1 at 2016-09-28 14:49:43 -0700


Started GET "/assets/application.self-3b8dabdc891efe46b9a144b400ad69e37d7e5876bdc39dee783419a69d7ca819.js?body=1" for ::1 at 2016-09-28 14:49:43 -0700


Started GET "/tasks/index" for ::1 at 2016-09-28 14:49:58 -0700
Processing by TasksController#index as HTML
  [1m[35mTask Load (0.3ms)[0m  SELECT "tasks".* FROM "tasks"
  Rendered tasks/index.html.erb within layouts/application (1.8ms)
Completed 200 OK in 25ms (Views: 24.7ms | ActiveRecord: 0.3ms)


Started GET "/assets/style.self-2bbcf53bf2d4e43d8d9c8be25ac19703248e529764cc480b2a30a63249dd28d7.css?body=1" for ::1 at 2016-09-28 14:49:58 -0700


Started GET "/assets/jquery_ujs.self-784a997f6726036b1993eb2217c9cb558e1cbb801c6da88105588c56f13b466a.js?body=1" for ::1 at 2016-09-28 14:49:58 -0700


Started GET "/assets/tasks.self-e3b0c44298fc1c149afbf4c8996fb92427ae41e4649b934ca495991b7852b855.css?body=1" for ::1 at 2016-09-28 14:49:58 -0700


Started GET "/assets/jquery.self-bd7ddd393353a8d2480a622e80342adf488fb6006d667e8b42e4c0073393abee.js?body=1" for ::1 at 2016-09-28 14:49:58 -0700


Started GET "/assets/application.self-e80e8f2318043e8af94dddc2adad5a4f09739a8ebb323b3ab31cd71d45fd9113.css?body=1" for ::1 at 2016-09-28 14:49:58 -0700


Started GET "/assets/turbolinks.self-c5acd7a204f5f25ce7a1d8a0e4d92e28d34c9e2df2c7371cd7af88e147e4ad82.js?body=1" for ::1 at 2016-09-28 14:49:58 -0700


Started GET "/assets/tasks.self-877aef30ae1b040ab8a3aba4e3e309a11d7f2612f44dde450b5c157aa5f95c05.js?body=1" for ::1 at 2016-09-28 14:49:58 -0700


Started GET "/assets/application.self-3b8dabdc891efe46b9a144b400ad69e37d7e5876bdc39dee783419a69d7ca819.js?body=1" for ::1 at 2016-09-28 14:49:58 -0700


Started GET "/tasks/new" for ::1 at 2016-09-28 14:53:20 -0700
Processing by TasksController#new as HTML
  Rendered tasks/new.html.erb within layouts/application (0.3ms)
Completed 200 OK in 24ms (Views: 23.0ms | ActiveRecord: 0.0ms)


Started POST "/tasks/create" for ::1 at 2016-09-28 14:53:39 -0700
Processing by TasksController#create as HTML
  Parameters: {"title"=>"Scuba lessons", "description"=>"Scuba lessons in Edmonds. Make sure to do pre-reading homework in advance.  ", "authenticity_token"=>"3cKNVCCit38KEVryLyj31WF6WRoquiebRMWd3PbQ6aj9/6SBhjl8VyNzAM85aKVKiJ5lpWDD34JX3LIz6YhWRw=="}
  [1m[36m (0.1ms)[0m  [1mbegin transaction[0m
  [1m[35mSQL (0.2ms)[0m  INSERT INTO "tasks" ("title", "description", "created_at", "updated_at") VALUES (?, ?, ?, ?)  [["title", "Scuba lessons"], ["description", "Scuba lessons in Edmonds. Make sure to do pre-reading homework in advance.  "], ["created_at", "2016-09-28 21:53:39.006693"], ["updated_at", "2016-09-28 21:53:39.006693"]]
  [1m[36m (1.3ms)[0m  [1mcommit transaction[0m
  Rendered tasks/create.html.erb within layouts/application (0.9ms)
Completed 200 OK in 21ms (Views: 17.3ms | ActiveRecord: 1.6ms)


Started GET "/tasks/index" for ::1 at 2016-09-28 14:53:42 -0700
Processing by TasksController#index as HTML
  [1m[35mTask Load (0.1ms)[0m  SELECT "tasks".* FROM "tasks"
  Rendered tasks/index.html.erb within layouts/application (1.2ms)
Completed 200 OK in 27ms (Views: 25.3ms | ActiveRecord: 0.1ms)


Started GET "/tasks/index" for ::1 at 2016-09-28 14:57:00 -0700
Processing by TasksController#index as HTML
  [1m[36mTask Load (0.2ms)[0m  [1mSELECT "tasks".* FROM "tasks"[0m
  Rendered tasks/index.html.erb within layouts/application (3.7ms)
Completed 200 OK in 25ms (Views: 22.8ms | ActiveRecord: 0.4ms)


Started GET "/assets/style.self-2bbcf53bf2d4e43d8d9c8be25ac19703248e529764cc480b2a30a63249dd28d7.css?body=1" for ::1 at 2016-09-28 14:57:00 -0700


Started GET "/assets/tasks.self-e3b0c44298fc1c149afbf4c8996fb92427ae41e4649b934ca495991b7852b855.css?body=1" for ::1 at 2016-09-28 14:57:00 -0700


Started GET "/assets/jquery_ujs.self-784a997f6726036b1993eb2217c9cb558e1cbb801c6da88105588c56f13b466a.js?body=1" for ::1 at 2016-09-28 14:57:00 -0700


Started GET "/assets/jquery.self-bd7ddd393353a8d2480a622e80342adf488fb6006d667e8b42e4c0073393abee.js?body=1" for ::1 at 2016-09-28 14:57:00 -0700


Started GET "/assets/application.self-e80e8f2318043e8af94dddc2adad5a4f09739a8ebb323b3ab31cd71d45fd9113.css?body=1" for ::1 at 2016-09-28 14:57:00 -0700


Started GET "/assets/turbolinks.self-c5acd7a204f5f25ce7a1d8a0e4d92e28d34c9e2df2c7371cd7af88e147e4ad82.js?body=1" for ::1 at 2016-09-28 14:57:00 -0700


Started GET "/assets/tasks.self-877aef30ae1b040ab8a3aba4e3e309a11d7f2612f44dde450b5c157aa5f95c05.js?body=1" for ::1 at 2016-09-28 14:57:00 -0700


Started GET "/assets/application.self-3b8dabdc891efe46b9a144b400ad69e37d7e5876bdc39dee783419a69d7ca819.js?body=1" for ::1 at 2016-09-28 14:57:00 -0700


Started GET "/tasks/new" for ::1 at 2016-09-28 14:57:02 -0700
Processing by TasksController#new as HTML
  Rendered tasks/new.html.erb within layouts/application (0.2ms)
Completed 200 OK in 26ms (Views: 25.2ms | ActiveRecord: 0.0ms)


Started POST "/tasks/create" for ::1 at 2016-09-28 14:57:30 -0700
Processing by TasksController#create as HTML
  Parameters: {"title"=>"Buy Christmas presents", "description"=>"For Mom, Dad, Cuauh, and Kelli. Buy wrapping paper and tape as well.  ", "authenticity_token"=>"29na1wTTYQIVjKRUtNQplRikOM8cqNPWHKJ7SI3/PNr75PMCokiqKjzu/mmilHsK8UAEcFbRK88Pu1SnkqeDNQ=="}
  [1m[35m (0.1ms)[0m  begin transaction
  [1m[36mSQL (0.3ms)[0m  [1mINSERT INTO "tasks" ("title", "description", "created_at", "updated_at") VALUES (?, ?, ?, ?)[0m  [["title", "Buy Christmas presents"], ["description", "For Mom, Dad, Cuauh, and Kelli. Buy wrapping paper and tape as well.  "], ["created_at", "2016-09-28 21:57:30.273485"], ["updated_at", "2016-09-28 21:57:30.273485"]]
  [1m[35m (0.5ms)[0m  commit transaction
  Rendered tasks/create.html.erb within layouts/application (0.1ms)
Completed 200 OK in 18ms (Views: 15.1ms | ActiveRecord: 1.0ms)


Started GET "/tasks/create" for ::1 at 2016-09-28 15:00:40 -0700

ActionController::RoutingError (No route matches [GET] "/tasks/create"):
  actionpack (4.2.7) lib/action_dispatch/middleware/debug_exceptions.rb:21:in `call'
  web-console (2.3.0) lib/web_console/middleware.rb:28:in `block in call'
  web-console (2.3.0) lib/web_console/middleware.rb:18:in `catch'
  web-console (2.3.0) lib/web_console/middleware.rb:18:in `call'
  actionpack (4.2.7) lib/action_dispatch/middleware/show_exceptions.rb:30:in `call'
  railties (4.2.7) lib/rails/rack/logger.rb:38:in `call_app'
  railties (4.2.7) lib/rails/rack/logger.rb:20:in `block in call'
  activesupport (4.2.7) lib/active_support/tagged_logging.rb:68:in `block in tagged'
  activesupport (4.2.7) lib/active_support/tagged_logging.rb:26:in `tagged'
  activesupport (4.2.7) lib/active_support/tagged_logging.rb:68:in `tagged'
  railties (4.2.7) lib/rails/rack/logger.rb:20:in `call'
  actionpack (4.2.7) lib/action_dispatch/middleware/request_id.rb:21:in `call'
  rack (1.6.4) lib/rack/methodoverride.rb:22:in `call'
  rack (1.6.4) lib/rack/runtime.rb:18:in `call'
  activesupport (4.2.7) lib/active_support/cache/strategy/local_cache_middleware.rb:28:in `call'
  rack (1.6.4) lib/rack/lock.rb:17:in `call'
  actionpack (4.2.7) lib/action_dispatch/middleware/static.rb:120:in `call'
  rack (1.6.4) lib/rack/sendfile.rb:113:in `call'
  railties (4.2.7) lib/rails/engine.rb:518:in `call'
  railties (4.2.7) lib/rails/application.rb:165:in `call'
  rack (1.6.4) lib/rack/lock.rb:17:in `call'
  rack (1.6.4) lib/rack/content_length.rb:15:in `call'
  rack (1.6.4) lib/rack/handler/webrick.rb:88:in `service'
  /Users/emilyabrash/.rvm/rubies/ruby-2.3.0/lib/ruby/2.3.0/webrick/httpserver.rb:140:in `service'
  /Users/emilyabrash/.rvm/rubies/ruby-2.3.0/lib/ruby/2.3.0/webrick/httpserver.rb:96:in `run'
  /Users/emilyabrash/.rvm/rubies/ruby-2.3.0/lib/ruby/2.3.0/webrick/server.rb:296:in `block in start_thread'


  Rendered /Users/emilyabrash/.rvm/gems/ruby-2.3.0@rails_gemset/gems/actionpack-4.2.7/lib/action_dispatch/middleware/templates/rescues/_trace.html.erb (1.3ms)
  Rendered /Users/emilyabrash/.rvm/gems/ruby-2.3.0@rails_gemset/gems/actionpack-4.2.7/lib/action_dispatch/middleware/templates/routes/_route.html.erb (1.0ms)
  Rendered /Users/emilyabrash/.rvm/gems/ruby-2.3.0@rails_gemset/gems/actionpack-4.2.7/lib/action_dispatch/middleware/templates/routes/_table.html.erb (6.2ms)
  Rendered /Users/emilyabrash/.rvm/gems/ruby-2.3.0@rails_gemset/gems/actionpack-4.2.7/lib/action_dispatch/middleware/templates/rescues/_request_and_response.html.erb (1.1ms)
  Rendered /Users/emilyabrash/.rvm/gems/ruby-2.3.0@rails_gemset/gems/actionpack-4.2.7/lib/action_dispatch/middleware/templates/rescues/routing_error.html.erb within rescues/layout (60.5ms)
  Rendered /Users/emilyabrash/.rvm/gems/ruby-2.3.0@rails_gemset/gems/web-console-2.3.0/lib/web_console/templates/_markup.html.erb (0.3ms)
  Rendered /Users/emilyabrash/.rvm/gems/ruby-2.3.0@rails_gemset/gems/web-console-2.3.0/lib/web_console/templates/_inner_console_markup.html.erb within layouts/inlined_string (0.3ms)
  Rendered /Users/emilyabrash/.rvm/gems/ruby-2.3.0@rails_gemset/gems/web-console-2.3.0/lib/web_console/templates/_prompt_box_markup.html.erb within layouts/inlined_string (0.3ms)
  Rendered /Users/emilyabrash/.rvm/gems/ruby-2.3.0@rails_gemset/gems/web-console-2.3.0/lib/web_console/templates/style.css.erb within layouts/inlined_string (0.3ms)
  Rendered /Users/emilyabrash/.rvm/gems/ruby-2.3.0@rails_gemset/gems/web-console-2.3.0/lib/web_console/templates/console.js.erb within layouts/javascript (35.9ms)
  Rendered /Users/emilyabrash/.rvm/gems/ruby-2.3.0@rails_gemset/gems/web-console-2.3.0/lib/web_console/templates/main.js.erb within layouts/javascript (0.3ms)
  Rendered /Users/emilyabrash/.rvm/gems/ruby-2.3.0@rails_gemset/gems/web-console-2.3.0/lib/web_console/templates/error_page.js.erb within layouts/javascript (0.4ms)
  Rendered /Users/emilyabrash/.rvm/gems/ruby-2.3.0@rails_gemset/gems/web-console-2.3.0/lib/web_console/templates/index.html.erb (79.3ms)


Started POST "/tasks/create" for ::1 at 2016-09-28 15:00:49 -0700
Processing by TasksController#create as HTML
  Parameters: {"title"=>"Buy Christmas presents gain", "description"=>"For Mom, Dad, Cuauh, and Kelli. Buy wrapping paper and tape as well.  ", "authenticity_token"=>"z7JWcaUlmmIZStV4RU24gI5hL4dKRRH1TPe4yC9ioJzvj3+kA75RSjAoj0VTDeofZ4UTOAA86exf7pcnMDofcw=="}
  [1m[36m (0.1ms)[0m  [1mbegin transaction[0m
  [1m[35mSQL (0.3ms)[0m  INSERT INTO "tasks" ("title", "description", "created_at", "updated_at") VALUES (?, ?, ?, ?)  [["title", "Buy Christmas presents gain"], ["description", "For Mom, Dad, Cuauh, and Kelli. Buy wrapping paper and tape as well.  "], ["created_at", "2016-09-28 22:00:49.543298"], ["updated_at", "2016-09-28 22:00:49.543298"]]
  [1m[36m (0.5ms)[0m  [1mcommit transaction[0m
Redirected to http://localhost:3000/
Completed 302 Found in 9ms (ActiveRecord: 1.5ms)


Started GET "/" for ::1 at 2016-09-28 15:00:49 -0700
Processing by TasksController#index as HTML
  [1m[35mTask Load (0.1ms)[0m  SELECT "tasks".* FROM "tasks"
  Rendered tasks/index.html.erb within layouts/application (1.2ms)
Completed 200 OK in 16ms (Views: 15.3ms | ActiveRecord: 0.1ms)


Started GET "/tasks/show/7" for ::1 at 2016-09-28 15:00:52 -0700
Processing by TasksController#show as HTML
  Parameters: {"id"=>"7"}
  [1m[36mTask Load (0.2ms)[0m  [1mSELECT  "tasks".* FROM "tasks" WHERE "tasks"."id" = ? LIMIT 1[0m  [["id", 7]]
  Rendered tasks/show.html.erb within layouts/application (0.2ms)
Completed 200 OK in 23ms (Views: 20.7ms | ActiveRecord: 0.2ms)


Started GET "/" for ::1 at 2016-09-28 15:06:01 -0700
Processing by TasksController#index as HTML
  [1m[35mTask Load (0.2ms)[0m  SELECT "tasks".* FROM "tasks"
  Rendered tasks/index.html.erb within layouts/application (5.0ms)
Completed 200 OK in 22ms (Views: 20.3ms | ActiveRecord: 0.4ms)


Started GET "/assets/style.self-2bbcf53bf2d4e43d8d9c8be25ac19703248e529764cc480b2a30a63249dd28d7.css?body=1" for ::1 at 2016-09-28 15:06:01 -0700


Started GET "/assets/tasks.self-e3b0c44298fc1c149afbf4c8996fb92427ae41e4649b934ca495991b7852b855.css?body=1" for ::1 at 2016-09-28 15:06:01 -0700


Started GET "/assets/application.self-e80e8f2318043e8af94dddc2adad5a4f09739a8ebb323b3ab31cd71d45fd9113.css?body=1" for ::1 at 2016-09-28 15:06:01 -0700


Started GET "/assets/jquery_ujs.self-784a997f6726036b1993eb2217c9cb558e1cbb801c6da88105588c56f13b466a.js?body=1" for ::1 at 2016-09-28 15:06:01 -0700


Started GET "/assets/jquery.self-bd7ddd393353a8d2480a622e80342adf488fb6006d667e8b42e4c0073393abee.js?body=1" for ::1 at 2016-09-28 15:06:01 -0700


Started GET "/assets/tasks.self-877aef30ae1b040ab8a3aba4e3e309a11d7f2612f44dde450b5c157aa5f95c05.js?body=1" for ::1 at 2016-09-28 15:06:01 -0700


Started GET "/assets/turbolinks.self-c5acd7a204f5f25ce7a1d8a0e4d92e28d34c9e2df2c7371cd7af88e147e4ad82.js?body=1" for ::1 at 2016-09-28 15:06:01 -0700


Started GET "/assets/application.self-3b8dabdc891efe46b9a144b400ad69e37d7e5876bdc39dee783419a69d7ca819.js?body=1" for ::1 at 2016-09-28 15:06:01 -0700


Started GET "/tasks/1/destroy" for ::1 at 2016-09-28 15:06:04 -0700

ActionController::RoutingError (No route matches [GET] "/tasks/1/destroy"):
  actionpack (4.2.7) lib/action_dispatch/middleware/debug_exceptions.rb:21:in `call'
  web-console (2.3.0) lib/web_console/middleware.rb:28:in `block in call'
  web-console (2.3.0) lib/web_console/middleware.rb:18:in `catch'
  web-console (2.3.0) lib/web_console/middleware.rb:18:in `call'
  actionpack (4.2.7) lib/action_dispatch/middleware/show_exceptions.rb:30:in `call'
  railties (4.2.7) lib/rails/rack/logger.rb:38:in `call_app'
  railties (4.2.7) lib/rails/rack/logger.rb:20:in `block in call'
  activesupport (4.2.7) lib/active_support/tagged_logging.rb:68:in `block in tagged'
  activesupport (4.2.7) lib/active_support/tagged_logging.rb:26:in `tagged'
  activesupport (4.2.7) lib/active_support/tagged_logging.rb:68:in `tagged'
  railties (4.2.7) lib/rails/rack/logger.rb:20:in `call'
  actionpack (4.2.7) lib/action_dispatch/middleware/request_id.rb:21:in `call'
  rack (1.6.4) lib/rack/methodoverride.rb:22:in `call'
  rack (1.6.4) lib/rack/runtime.rb:18:in `call'
  activesupport (4.2.7) lib/active_support/cache/strategy/local_cache_middleware.rb:28:in `call'
  rack (1.6.4) lib/rack/lock.rb:17:in `call'
  actionpack (4.2.7) lib/action_dispatch/middleware/static.rb:120:in `call'
  rack (1.6.4) lib/rack/sendfile.rb:113:in `call'
  railties (4.2.7) lib/rails/engine.rb:518:in `call'
  railties (4.2.7) lib/rails/application.rb:165:in `call'
  rack (1.6.4) lib/rack/lock.rb:17:in `call'
  rack (1.6.4) lib/rack/content_length.rb:15:in `call'
  rack (1.6.4) lib/rack/handler/webrick.rb:88:in `service'
  /Users/emilyabrash/.rvm/rubies/ruby-2.3.0/lib/ruby/2.3.0/webrick/httpserver.rb:140:in `service'
  /Users/emilyabrash/.rvm/rubies/ruby-2.3.0/lib/ruby/2.3.0/webrick/httpserver.rb:96:in `run'
  /Users/emilyabrash/.rvm/rubies/ruby-2.3.0/lib/ruby/2.3.0/webrick/server.rb:296:in `block in start_thread'


  Rendered /Users/emilyabrash/.rvm/gems/ruby-2.3.0@rails_gemset/gems/actionpack-4.2.7/lib/action_dispatch/middleware/templates/rescues/_trace.html.erb (1.0ms)
  Rendered /Users/emilyabrash/.rvm/gems/ruby-2.3.0@rails_gemset/gems/actionpack-4.2.7/lib/action_dispatch/middleware/templates/routes/_route.html.erb (0.7ms)
  Rendered /Users/emilyabrash/.rvm/gems/ruby-2.3.0@rails_gemset/gems/actionpack-4.2.7/lib/action_dispatch/middleware/templates/routes/_table.html.erb (1.0ms)
  Rendered /Users/emilyabrash/.rvm/gems/ruby-2.3.0@rails_gemset/gems/actionpack-4.2.7/lib/action_dispatch/middleware/templates/rescues/_request_and_response.html.erb (1.0ms)
  Rendered /Users/emilyabrash/.rvm/gems/ruby-2.3.0@rails_gemset/gems/actionpack-4.2.7/lib/action_dispatch/middleware/templates/rescues/routing_error.html.erb within rescues/layout (52.7ms)
  Rendered /Users/emilyabrash/.rvm/gems/ruby-2.3.0@rails_gemset/gems/web-console-2.3.0/lib/web_console/templates/_markup.html.erb (0.3ms)
  Rendered /Users/emilyabrash/.rvm/gems/ruby-2.3.0@rails_gemset/gems/web-console-2.3.0/lib/web_console/templates/_inner_console_markup.html.erb within layouts/inlined_string (0.3ms)
  Rendered /Users/emilyabrash/.rvm/gems/ruby-2.3.0@rails_gemset/gems/web-console-2.3.0/lib/web_console/templates/_prompt_box_markup.html.erb within layouts/inlined_string (0.3ms)
  Rendered /Users/emilyabrash/.rvm/gems/ruby-2.3.0@rails_gemset/gems/web-console-2.3.0/lib/web_console/templates/style.css.erb within layouts/inlined_string (0.4ms)
  Rendered /Users/emilyabrash/.rvm/gems/ruby-2.3.0@rails_gemset/gems/web-console-2.3.0/lib/web_console/templates/console.js.erb within layouts/javascript (37.2ms)
  Rendered /Users/emilyabrash/.rvm/gems/ruby-2.3.0@rails_gemset/gems/web-console-2.3.0/lib/web_console/templates/main.js.erb within layouts/javascript (0.3ms)
  Rendered /Users/emilyabrash/.rvm/gems/ruby-2.3.0@rails_gemset/gems/web-console-2.3.0/lib/web_console/templates/error_page.js.erb within layouts/javascript (0.4ms)
  Rendered /Users/emilyabrash/.rvm/gems/ruby-2.3.0@rails_gemset/gems/web-console-2.3.0/lib/web_console/templates/index.html.erb (80.4ms)


Started GET "/" for ::1 at 2016-09-28 15:06:11 -0700
Processing by TasksController#index as HTML
  [1m[36mTask Load (0.2ms)[0m  [1mSELECT "tasks".* FROM "tasks"[0m
  Rendered tasks/index.html.erb within layouts/application (1.8ms)
Completed 200 OK in 15ms (Views: 14.0ms | ActiveRecord: 0.2ms)


Started GET "/assets/style.self-2bbcf53bf2d4e43d8d9c8be25ac19703248e529764cc480b2a30a63249dd28d7.css?body=1" for ::1 at 2016-09-28 15:06:11 -0700


Started GET "/assets/application.self-e80e8f2318043e8af94dddc2adad5a4f09739a8ebb323b3ab31cd71d45fd9113.css?body=1" for ::1 at 2016-09-28 15:06:11 -0700


Started GET "/assets/jquery_ujs.self-784a997f6726036b1993eb2217c9cb558e1cbb801c6da88105588c56f13b466a.js?body=1" for ::1 at 2016-09-28 15:06:11 -0700


Started GET "/assets/tasks.self-877aef30ae1b040ab8a3aba4e3e309a11d7f2612f44dde450b5c157aa5f95c05.js?body=1" for ::1 at 2016-09-28 15:06:11 -0700


Started GET "/assets/tasks.self-e3b0c44298fc1c149afbf4c8996fb92427ae41e4649b934ca495991b7852b855.css?body=1" for ::1 at 2016-09-28 15:06:11 -0700


Started GET "/assets/jquery.self-bd7ddd393353a8d2480a622e80342adf488fb6006d667e8b42e4c0073393abee.js?body=1" for ::1 at 2016-09-28 15:06:11 -0700


Started GET "/assets/turbolinks.self-c5acd7a204f5f25ce7a1d8a0e4d92e28d34c9e2df2c7371cd7af88e147e4ad82.js?body=1" for ::1 at 2016-09-28 15:06:11 -0700


Started GET "/assets/application.self-3b8dabdc891efe46b9a144b400ad69e37d7e5876bdc39dee783419a69d7ca819.js?body=1" for ::1 at 2016-09-28 15:06:11 -0700


Started GET "/tasks/2/destroy" for ::1 at 2016-09-28 15:06:20 -0700

ActionController::RoutingError (No route matches [GET] "/tasks/2/destroy"):
  actionpack (4.2.7) lib/action_dispatch/middleware/debug_exceptions.rb:21:in `call'
  web-console (2.3.0) lib/web_console/middleware.rb:28:in `block in call'
  web-console (2.3.0) lib/web_console/middleware.rb:18:in `catch'
  web-console (2.3.0) lib/web_console/middleware.rb:18:in `call'
  actionpack (4.2.7) lib/action_dispatch/middleware/show_exceptions.rb:30:in `call'
  railties (4.2.7) lib/rails/rack/logger.rb:38:in `call_app'
  railties (4.2.7) lib/rails/rack/logger.rb:20:in `block in call'
  activesupport (4.2.7) lib/active_support/tagged_logging.rb:68:in `block in tagged'
  activesupport (4.2.7) lib/active_support/tagged_logging.rb:26:in `tagged'
  activesupport (4.2.7) lib/active_support/tagged_logging.rb:68:in `tagged'
  railties (4.2.7) lib/rails/rack/logger.rb:20:in `call'
  actionpack (4.2.7) lib/action_dispatch/middleware/request_id.rb:21:in `call'
  rack (1.6.4) lib/rack/methodoverride.rb:22:in `call'
  rack (1.6.4) lib/rack/runtime.rb:18:in `call'
  activesupport (4.2.7) lib/active_support/cache/strategy/local_cache_middleware.rb:28:in `call'
  rack (1.6.4) lib/rack/lock.rb:17:in `call'
  actionpack (4.2.7) lib/action_dispatch/middleware/static.rb:120:in `call'
  rack (1.6.4) lib/rack/sendfile.rb:113:in `call'
  railties (4.2.7) lib/rails/engine.rb:518:in `call'
  railties (4.2.7) lib/rails/application.rb:165:in `call'
  rack (1.6.4) lib/rack/lock.rb:17:in `call'
  rack (1.6.4) lib/rack/content_length.rb:15:in `call'
  rack (1.6.4) lib/rack/handler/webrick.rb:88:in `service'
  /Users/emilyabrash/.rvm/rubies/ruby-2.3.0/lib/ruby/2.3.0/webrick/httpserver.rb:140:in `service'
  /Users/emilyabrash/.rvm/rubies/ruby-2.3.0/lib/ruby/2.3.0/webrick/httpserver.rb:96:in `run'
  /Users/emilyabrash/.rvm/rubies/ruby-2.3.0/lib/ruby/2.3.0/webrick/server.rb:296:in `block in start_thread'


  Rendered /Users/emilyabrash/.rvm/gems/ruby-2.3.0@rails_gemset/gems/actionpack-4.2.7/lib/action_dispatch/middleware/templates/rescues/_trace.html.erb (1.3ms)
  Rendered /Users/emilyabrash/.rvm/gems/ruby-2.3.0@rails_gemset/gems/actionpack-4.2.7/lib/action_dispatch/middleware/templates/routes/_route.html.erb (0.8ms)
  Rendered /Users/emilyabrash/.rvm/gems/ruby-2.3.0@rails_gemset/gems/actionpack-4.2.7/lib/action_dispatch/middleware/templates/routes/_table.html.erb (0.9ms)
  Rendered /Users/emilyabrash/.rvm/gems/ruby-2.3.0@rails_gemset/gems/actionpack-4.2.7/lib/action_dispatch/middleware/templates/rescues/_request_and_response.html.erb (1.1ms)
  Rendered /Users/emilyabrash/.rvm/gems/ruby-2.3.0@rails_gemset/gems/actionpack-4.2.7/lib/action_dispatch/middleware/templates/rescues/routing_error.html.erb within rescues/layout (52.8ms)
  Rendered /Users/emilyabrash/.rvm/gems/ruby-2.3.0@rails_gemset/gems/web-console-2.3.0/lib/web_console/templates/_markup.html.erb (0.4ms)
  Rendered /Users/emilyabrash/.rvm/gems/ruby-2.3.0@rails_gemset/gems/web-console-2.3.0/lib/web_console/templates/_inner_console_markup.html.erb within layouts/inlined_string (0.3ms)
  Rendered /Users/emilyabrash/.rvm/gems/ruby-2.3.0@rails_gemset/gems/web-console-2.3.0/lib/web_console/templates/_prompt_box_markup.html.erb within layouts/inlined_string (0.3ms)
  Rendered /Users/emilyabrash/.rvm/gems/ruby-2.3.0@rails_gemset/gems/web-console-2.3.0/lib/web_console/templates/style.css.erb within layouts/inlined_string (0.3ms)
  Rendered /Users/emilyabrash/.rvm/gems/ruby-2.3.0@rails_gemset/gems/web-console-2.3.0/lib/web_console/templates/console.js.erb within layouts/javascript (35.5ms)
  Rendered /Users/emilyabrash/.rvm/gems/ruby-2.3.0@rails_gemset/gems/web-console-2.3.0/lib/web_console/templates/main.js.erb within layouts/javascript (0.3ms)
  Rendered /Users/emilyabrash/.rvm/gems/ruby-2.3.0@rails_gemset/gems/web-console-2.3.0/lib/web_console/templates/error_page.js.erb within layouts/javascript (0.4ms)
  Rendered /Users/emilyabrash/.rvm/gems/ruby-2.3.0@rails_gemset/gems/web-console-2.3.0/lib/web_console/templates/index.html.erb (78.7ms)


Started GET "/" for ::1 at 2016-09-28 15:08:27 -0700
Processing by TasksController#index as HTML
  [1m[35mTask Load (0.2ms)[0m  SELECT "tasks".* FROM "tasks"
  Rendered tasks/index.html.erb within layouts/application (2.1ms)
Completed 200 OK in 17ms (Views: 15.9ms | ActiveRecord: 0.2ms)


Started GET "/assets/style.self-2bbcf53bf2d4e43d8d9c8be25ac19703248e529764cc480b2a30a63249dd28d7.css?body=1" for ::1 at 2016-09-28 15:08:27 -0700


Started GET "/assets/tasks.self-e3b0c44298fc1c149afbf4c8996fb92427ae41e4649b934ca495991b7852b855.css?body=1" for ::1 at 2016-09-28 15:08:27 -0700


Started GET "/assets/turbolinks.self-c5acd7a204f5f25ce7a1d8a0e4d92e28d34c9e2df2c7371cd7af88e147e4ad82.js?body=1" for ::1 at 2016-09-28 15:08:27 -0700


Started GET "/assets/application.self-e80e8f2318043e8af94dddc2adad5a4f09739a8ebb323b3ab31cd71d45fd9113.css?body=1" for ::1 at 2016-09-28 15:08:27 -0700


Started GET "/assets/jquery.self-bd7ddd393353a8d2480a622e80342adf488fb6006d667e8b42e4c0073393abee.js?body=1" for ::1 at 2016-09-28 15:08:27 -0700


Started GET "/assets/jquery_ujs.self-784a997f6726036b1993eb2217c9cb558e1cbb801c6da88105588c56f13b466a.js?body=1" for ::1 at 2016-09-28 15:08:27 -0700


Started GET "/assets/tasks.self-877aef30ae1b040ab8a3aba4e3e309a11d7f2612f44dde450b5c157aa5f95c05.js?body=1" for ::1 at 2016-09-28 15:08:27 -0700


Started GET "/assets/application.self-3b8dabdc891efe46b9a144b400ad69e37d7e5876bdc39dee783419a69d7ca819.js?body=1" for ::1 at 2016-09-28 15:08:27 -0700


Started DELETE "/tasks/1/destroy" for ::1 at 2016-09-28 15:08:28 -0700
Processing by TasksController#destroy as HTML
  Parameters: {"authenticity_token"=>"BPz/X7yiZ6OXmZGoq98+ov0x63bNOzUlPmKmKuBANjgkwdaKGjmsi777y5W9n2w9FNXXyYdCzTwte4nF/xiJ1w==", "id"=>"1"}
  Rendered tasks/destroy.html.erb within layouts/application (0.3ms)
Completed 200 OK in 16ms (Views: 15.6ms | ActiveRecord: 0.0ms)


Started GET "/tasks/1/destroy" for ::1 at 2016-09-28 15:11:25 -0700

ActionController::RoutingError (No route matches [GET] "/tasks/1/destroy"):
  actionpack (4.2.7) lib/action_dispatch/middleware/debug_exceptions.rb:21:in `call'
  web-console (2.3.0) lib/web_console/middleware.rb:28:in `block in call'
  web-console (2.3.0) lib/web_console/middleware.rb:18:in `catch'
  web-console (2.3.0) lib/web_console/middleware.rb:18:in `call'
  actionpack (4.2.7) lib/action_dispatch/middleware/show_exceptions.rb:30:in `call'
  railties (4.2.7) lib/rails/rack/logger.rb:38:in `call_app'
  railties (4.2.7) lib/rails/rack/logger.rb:20:in `block in call'
  activesupport (4.2.7) lib/active_support/tagged_logging.rb:68:in `block in tagged'
  activesupport (4.2.7) lib/active_support/tagged_logging.rb:26:in `tagged'
  activesupport (4.2.7) lib/active_support/tagged_logging.rb:68:in `tagged'
  railties (4.2.7) lib/rails/rack/logger.rb:20:in `call'
  actionpack (4.2.7) lib/action_dispatch/middleware/request_id.rb:21:in `call'
  rack (1.6.4) lib/rack/methodoverride.rb:22:in `call'
  rack (1.6.4) lib/rack/runtime.rb:18:in `call'
  activesupport (4.2.7) lib/active_support/cache/strategy/local_cache_middleware.rb:28:in `call'
  rack (1.6.4) lib/rack/lock.rb:17:in `call'
  actionpack (4.2.7) lib/action_dispatch/middleware/static.rb:120:in `call'
  rack (1.6.4) lib/rack/sendfile.rb:113:in `call'
  railties (4.2.7) lib/rails/engine.rb:518:in `call'
  railties (4.2.7) lib/rails/application.rb:165:in `call'
  rack (1.6.4) lib/rack/lock.rb:17:in `call'
  rack (1.6.4) lib/rack/content_length.rb:15:in `call'
  rack (1.6.4) lib/rack/handler/webrick.rb:88:in `service'
  /Users/emilyabrash/.rvm/rubies/ruby-2.3.0/lib/ruby/2.3.0/webrick/httpserver.rb:140:in `service'
  /Users/emilyabrash/.rvm/rubies/ruby-2.3.0/lib/ruby/2.3.0/webrick/httpserver.rb:96:in `run'
  /Users/emilyabrash/.rvm/rubies/ruby-2.3.0/lib/ruby/2.3.0/webrick/server.rb:296:in `block in start_thread'


  Rendered /Users/emilyabrash/.rvm/gems/ruby-2.3.0@rails_gemset/gems/actionpack-4.2.7/lib/action_dispatch/middleware/templates/rescues/_trace.html.erb (1.1ms)
  Rendered /Users/emilyabrash/.rvm/gems/ruby-2.3.0@rails_gemset/gems/actionpack-4.2.7/lib/action_dispatch/middleware/templates/routes/_route.html.erb (0.7ms)
  Rendered /Users/emilyabrash/.rvm/gems/ruby-2.3.0@rails_gemset/gems/actionpack-4.2.7/lib/action_dispatch/middleware/templates/routes/_table.html.erb (1.0ms)
  Rendered /Users/emilyabrash/.rvm/gems/ruby-2.3.0@rails_gemset/gems/actionpack-4.2.7/lib/action_dispatch/middleware/templates/rescues/_request_and_response.html.erb (1.0ms)
  Rendered /Users/emilyabrash/.rvm/gems/ruby-2.3.0@rails_gemset/gems/actionpack-4.2.7/lib/action_dispatch/middleware/templates/rescues/routing_error.html.erb within rescues/layout (52.7ms)
  Rendered /Users/emilyabrash/.rvm/gems/ruby-2.3.0@rails_gemset/gems/web-console-2.3.0/lib/web_console/templates/_markup.html.erb (0.3ms)
  Rendered /Users/emilyabrash/.rvm/gems/ruby-2.3.0@rails_gemset/gems/web-console-2.3.0/lib/web_console/templates/_inner_console_markup.html.erb within layouts/inlined_string (0.3ms)
  Rendered /Users/emilyabrash/.rvm/gems/ruby-2.3.0@rails_gemset/gems/web-console-2.3.0/lib/web_console/templates/_prompt_box_markup.html.erb within layouts/inlined_string (0.4ms)
  Rendered /Users/emilyabrash/.rvm/gems/ruby-2.3.0@rails_gemset/gems/web-console-2.3.0/lib/web_console/templates/style.css.erb within layouts/inlined_string (0.3ms)
  Rendered /Users/emilyabrash/.rvm/gems/ruby-2.3.0@rails_gemset/gems/web-console-2.3.0/lib/web_console/templates/console.js.erb within layouts/javascript (36.8ms)
  Rendered /Users/emilyabrash/.rvm/gems/ruby-2.3.0@rails_gemset/gems/web-console-2.3.0/lib/web_console/templates/main.js.erb within layouts/javascript (0.4ms)
  Rendered /Users/emilyabrash/.rvm/gems/ruby-2.3.0@rails_gemset/gems/web-console-2.3.0/lib/web_console/templates/error_page.js.erb within layouts/javascript (0.4ms)
  Rendered /Users/emilyabrash/.rvm/gems/ruby-2.3.0@rails_gemset/gems/web-console-2.3.0/lib/web_console/templates/index.html.erb (81.4ms)


Started DELETE "/tasks/2/destroy" for ::1 at 2016-09-28 15:11:34 -0700
Processing by TasksController#destroy as HTML
  Parameters: {"authenticity_token"=>"BPz/X7yiZ6OXmZGoq98+ov0x63bNOzUlPmKmKuBANjgkwdaKGjmsi777y5W9n2w9FNXXyYdCzTwte4nF/xiJ1w==", "id"=>"2"}
  [1m[36mTask Load (0.1ms)[0m  [1mSELECT  "tasks".* FROM "tasks" WHERE "tasks"."id" = ? LIMIT 1[0m  [["id", 2]]
  [1m[35m (0.1ms)[0m  begin transaction
  [1m[36mSQL (0.2ms)[0m  [1mDELETE FROM "tasks" WHERE "tasks"."id" = ?[0m  [["id", 2]]
  [1m[35m (1.4ms)[0m  commit transaction
Redirected to http://localhost:3000/
Completed 302 Found in 8ms (ActiveRecord: 2.1ms)


Started GET "/" for ::1 at 2016-09-28 15:11:34 -0700
Processing by TasksController#index as HTML
  [1m[36mTask Load (0.1ms)[0m  [1mSELECT "tasks".* FROM "tasks"[0m
  Rendered tasks/index.html.erb within layouts/application (1.3ms)
Completed 200 OK in 18ms (Views: 17.7ms | ActiveRecord: 0.1ms)


Started GET "/" for ::1 at 2016-09-28 15:33:56 -0700
Processing by TasksController#index as HTML
  [1m[35mTask Load (0.2ms)[0m  SELECT "tasks".* FROM "tasks"
  Rendered tasks/index.html.erb within layouts/application (4.2ms)
Completed 200 OK in 22ms (Views: 18.8ms | ActiveRecord: 0.4ms)


Started GET "/assets/style.self-2bbcf53bf2d4e43d8d9c8be25ac19703248e529764cc480b2a30a63249dd28d7.css?body=1" for ::1 at 2016-09-28 15:33:56 -0700


Started GET "/assets/jquery_ujs.self-784a997f6726036b1993eb2217c9cb558e1cbb801c6da88105588c56f13b466a.js?body=1" for ::1 at 2016-09-28 15:33:56 -0700


Started GET "/assets/application.self-e80e8f2318043e8af94dddc2adad5a4f09739a8ebb323b3ab31cd71d45fd9113.css?body=1" for ::1 at 2016-09-28 15:33:56 -0700


Started GET "/assets/tasks.self-e3b0c44298fc1c149afbf4c8996fb92427ae41e4649b934ca495991b7852b855.css?body=1" for ::1 at 2016-09-28 15:33:56 -0700


Started GET "/assets/turbolinks.self-c5acd7a204f5f25ce7a1d8a0e4d92e28d34c9e2df2c7371cd7af88e147e4ad82.js?body=1" for ::1 at 2016-09-28 15:33:56 -0700


Started GET "/assets/jquery.self-bd7ddd393353a8d2480a622e80342adf488fb6006d667e8b42e4c0073393abee.js?body=1" for ::1 at 2016-09-28 15:33:56 -0700


Started GET "/assets/tasks.self-877aef30ae1b040ab8a3aba4e3e309a11d7f2612f44dde450b5c157aa5f95c05.js?body=1" for ::1 at 2016-09-28 15:33:56 -0700


Started GET "/assets/application.self-3b8dabdc891efe46b9a144b400ad69e37d7e5876bdc39dee783419a69d7ca819.js?body=1" for ::1 at 2016-09-28 15:33:56 -0700


Started DELETE "/tasks/5/destroy" for ::1 at 2016-09-28 15:34:04 -0700
Processing by TasksController#destroy as HTML
  Parameters: {"authenticity_token"=>"6N4ok7a4XjNtjiWVnV0KWxhfcvzOnmm+8z5TR1nOT7bI4wFGECOVG0Tsf6iLHVjE8btOQ4TnkafgJ3yoRpbwWQ==", "id"=>"5"}
  [1m[36mTask Load (0.1ms)[0m  [1mSELECT  "tasks".* FROM "tasks" WHERE "tasks"."id" = ? LIMIT 1[0m  [["id", 5]]
  [1m[35m (0.1ms)[0m  begin transaction
  [1m[36mSQL (0.6ms)[0m  [1mDELETE FROM "tasks" WHERE "tasks"."id" = ?[0m  [["id", 5]]
  [1m[35m (1.7ms)[0m  commit transaction
Redirected to http://localhost:3000/
Completed 302 Found in 6ms (ActiveRecord: 2.5ms)


Started GET "/" for ::1 at 2016-09-28 15:34:04 -0700
Processing by TasksController#index as HTML
  [1m[36mTask Load (0.2ms)[0m  [1mSELECT "tasks".* FROM "tasks"[0m
  Rendered tasks/index.html.erb within layouts/application (1.4ms)
Completed 200 OK in 15ms (Views: 14.0ms | ActiveRecord: 0.2ms)


Started GET "/" for ::1 at 2016-09-28 15:38:39 -0700
Processing by TasksController#index as HTML
  [1m[35mTask Load (0.1ms)[0m  SELECT "tasks".* FROM "tasks"
  Rendered tasks/index.html.erb within layouts/application (1.5ms)
Completed 200 OK in 17ms (Views: 16.1ms | ActiveRecord: 0.1ms)


Started GET "/assets/style.self-2bbcf53bf2d4e43d8d9c8be25ac19703248e529764cc480b2a30a63249dd28d7.css?body=1" for ::1 at 2016-09-28 15:38:39 -0700


Started GET "/assets/application.self-e80e8f2318043e8af94dddc2adad5a4f09739a8ebb323b3ab31cd71d45fd9113.css?body=1" for ::1 at 2016-09-28 15:38:39 -0700


Started GET "/assets/turbolinks.self-c5acd7a204f5f25ce7a1d8a0e4d92e28d34c9e2df2c7371cd7af88e147e4ad82.js?body=1" for ::1 at 2016-09-28 15:38:39 -0700


Started GET "/assets/tasks.self-e3b0c44298fc1c149afbf4c8996fb92427ae41e4649b934ca495991b7852b855.css?body=1" for ::1 at 2016-09-28 15:38:39 -0700


Started GET "/assets/jquery.self-bd7ddd393353a8d2480a622e80342adf488fb6006d667e8b42e4c0073393abee.js?body=1" for ::1 at 2016-09-28 15:38:39 -0700


Started GET "/assets/jquery_ujs.self-784a997f6726036b1993eb2217c9cb558e1cbb801c6da88105588c56f13b466a.js?body=1" for ::1 at 2016-09-28 15:38:39 -0700


Started GET "/assets/tasks.self-877aef30ae1b040ab8a3aba4e3e309a11d7f2612f44dde450b5c157aa5f95c05.js?body=1" for ::1 at 2016-09-28 15:38:39 -0700


Started GET "/assets/application.self-3b8dabdc891efe46b9a144b400ad69e37d7e5876bdc39dee783419a69d7ca819.js?body=1" for ::1 at 2016-09-28 15:38:39 -0700


Started DELETE "/tasks/1/destroy" for ::1 at 2016-09-28 15:38:40 -0700
Processing by TasksController#destroy as HTML
  Parameters: {"authenticity_token"=>"3Km205p/nyoubTy1RzTPCN2i1eOPT12gRKTda/fBDR78lJ8GPORUAgcPZohRdJ2XNEbpXMU2pblXvfKE6Jmy8Q==", "id"=>"1"}
  [1m[36mTask Load (0.1ms)[0m  [1mSELECT  "tasks".* FROM "tasks" WHERE "tasks"."id" = ? LIMIT 1[0m  [["id", 1]]
  [1m[35m (0.1ms)[0m  begin transaction
  [1m[36mSQL (0.2ms)[0m  [1mDELETE FROM "tasks" WHERE "tasks"."id" = ?[0m  [["id", 1]]
  [1m[35m (1.4ms)[0m  commit transaction
Redirected to http://localhost:3000/
Completed 302 Found in 4ms (ActiveRecord: 1.7ms)


Started GET "/" for ::1 at 2016-09-28 15:38:40 -0700
Processing by TasksController#index as HTML
  [1m[36mTask Load (0.1ms)[0m  [1mSELECT "tasks".* FROM "tasks"[0m
  Rendered tasks/index.html.erb within layouts/application (1.0ms)
Completed 200 OK in 14ms (Views: 13.0ms | ActiveRecord: 0.1ms)


Started GET "/" for ::1 at 2016-09-28 15:39:16 -0700
Processing by TasksController#index as HTML
  [1m[35mTask Load (0.1ms)[0m  SELECT "tasks".* FROM "tasks"
  Rendered tasks/index.html.erb within layouts/application (2.3ms)
Completed 200 OK in 16ms (Views: 15.6ms | ActiveRecord: 0.1ms)


Started GET "/assets/style.self-2bbcf53bf2d4e43d8d9c8be25ac19703248e529764cc480b2a30a63249dd28d7.css?body=1" for ::1 at 2016-09-28 15:39:16 -0700


Started GET "/assets/tasks.self-e3b0c44298fc1c149afbf4c8996fb92427ae41e4649b934ca495991b7852b855.css?body=1" for ::1 at 2016-09-28 15:39:16 -0700


Started GET "/assets/application.self-e80e8f2318043e8af94dddc2adad5a4f09739a8ebb323b3ab31cd71d45fd9113.css?body=1" for ::1 at 2016-09-28 15:39:16 -0700


Started GET "/assets/jquery_ujs.self-784a997f6726036b1993eb2217c9cb558e1cbb801c6da88105588c56f13b466a.js?body=1" for ::1 at 2016-09-28 15:39:16 -0700


Started GET "/assets/turbolinks.self-c5acd7a204f5f25ce7a1d8a0e4d92e28d34c9e2df2c7371cd7af88e147e4ad82.js?body=1" for ::1 at 2016-09-28 15:39:16 -0700


Started GET "/assets/jquery.self-bd7ddd393353a8d2480a622e80342adf488fb6006d667e8b42e4c0073393abee.js?body=1" for ::1 at 2016-09-28 15:39:16 -0700


Started GET "/assets/tasks.self-877aef30ae1b040ab8a3aba4e3e309a11d7f2612f44dde450b5c157aa5f95c05.js?body=1" for ::1 at 2016-09-28 15:39:16 -0700


Started GET "/assets/application.self-3b8dabdc891efe46b9a144b400ad69e37d7e5876bdc39dee783419a69d7ca819.js?body=1" for ::1 at 2016-09-28 15:39:16 -0700


Started DELETE "/tasks/7/destroy" for ::1 at 2016-09-28 15:39:26 -0700
Processing by TasksController#destroy as HTML
  Parameters: {"authenticity_token"=>"0Y3D6W42DTzN36itZQzXkdS/DkkaiL4M6hgSz1nGhIPxsOo8yK3GFOS98pBzTIUOPVsy9lDxRhX5AT0gRp47bA==", "id"=>"7"}
  [1m[36mTask Load (0.1ms)[0m  [1mSELECT  "tasks".* FROM "tasks" WHERE "tasks"."id" = ? LIMIT 1[0m  [["id", 7]]
  [1m[35m (0.0ms)[0m  begin transaction
  [1m[36mSQL (0.2ms)[0m  [1mDELETE FROM "tasks" WHERE "tasks"."id" = ?[0m  [["id", 7]]
  [1m[35m (1.3ms)[0m  commit transaction
Redirected to http://localhost:3000/
Completed 302 Found in 4ms (ActiveRecord: 1.7ms)


Started GET "/" for ::1 at 2016-09-28 15:39:26 -0700
Processing by TasksController#index as HTML
  [1m[36mTask Load (0.2ms)[0m  [1mSELECT "tasks".* FROM "tasks"[0m
  Rendered tasks/index.html.erb within layouts/application (1.5ms)
Completed 200 OK in 15ms (Views: 13.7ms | ActiveRecord: 0.2ms)
